{"/vagrant/personaldev/serverless-package-includes/index.js":{"path":"/vagrant/personaldev/serverless-package-includes/index.js","s":{"1":1,"2":4,"3":4,"4":3,"5":3,"6":3,"7":3,"8":3,"9":1,"10":2,"11":2,"12":2,"13":1},"b":{"1":[1,2],"2":[2,1],"3":[1,2]},"f":{"1":4,"2":3},"fnMap":{"1":{"name":"(anonymous_1)","line":6,"loc":{"start":{"line":6,"column":15},"end":{"line":6,"column":37}}},"2":{"name":"(anonymous_2)","line":14,"loc":{"start":{"line":14,"column":15},"end":{"line":14,"column":30}}}},"statementMap":{"1":{"start":{"line":3,"column":0},"end":{"line":3,"column":29}},"2":{"start":{"line":7,"column":8},"end":{"line":7,"column":37}},"3":{"start":{"line":9,"column":4},"end":{"line":11,"column":10}},"4":{"start":{"line":16,"column":8},"end":{"line":16,"column":63}},"5":{"start":{"line":17,"column":8},"end":{"line":17,"column":61}},"6":{"start":{"line":20,"column":8},"end":{"line":20,"column":69}},"7":{"start":{"line":21,"column":8},"end":{"line":21,"column":95}},"8":{"start":{"line":22,"column":8},"end":{"line":24,"column":9}},"9":{"start":{"line":23,"column":12},"end":{"line":23,"column":69}},"10":{"start":{"line":27,"column":8},"end":{"line":27,"column":108}},"11":{"start":{"line":28,"column":8},"end":{"line":28,"column":77}},"12":{"start":{"line":30,"column":8},"end":{"line":30,"column":106}},"13":{"start":{"line":34,"column":0},"end":{"line":34,"column":33}}},"branchMap":{"1":{"line":17,"type":"cond-expr","locations":[{"start":{"line":17,"column":47},"end":{"line":17,"column":55}},{"start":{"line":17,"column":58},"end":{"line":17,"column":60}}]},"2":{"line":21,"type":"cond-expr","locations":[{"start":{"line":21,"column":47},"end":{"line":21,"column":89}},{"start":{"line":21,"column":92},"end":{"line":21,"column":94}}]},"3":{"line":22,"type":"if","locations":[{"start":{"line":22,"column":8},"end":{"line":22,"column":8}},{"start":{"line":22,"column":8},"end":{"line":22,"column":8}}]}}}}